[2021-05-26 17:32:49.419] [exthost] [info] extension host started
[2021-05-26 17:32:49.461] [exthost] [info] ExtensionService#_doActivateExtension vscode.debug-auto-launch {"startup":true,"extensionId":{"value":"vscode.debug-auto-launch","_lower":"vscode.debug-auto-launch"},"activationEvent":"*"}
[2021-05-26 17:32:49.462] [exthost] [info] ExtensionService#loadCommonJSModule file:///home/chisthoper/.vscode-server/bin/3c4e3df9e89829dce27b7b5c24508306b151f30d/extensions/debug-auto-launch/dist/extension
[2021-05-26 17:32:49.465] [exthost] [info] ExtensionService#_doActivateExtension vscode.git {"startup":true,"extensionId":{"value":"vscode.github","_lower":"vscode.github"},"activationEvent":"*"}
[2021-05-26 17:32:49.466] [exthost] [info] ExtensionService#loadCommonJSModule file:///home/chisthoper/.vscode-server/bin/3c4e3df9e89829dce27b7b5c24508306b151f30d/extensions/git/dist/main
[2021-05-26 17:32:49.665] [exthost] [info] ExtensionService#_doActivateExtension vscode.github {"startup":true,"extensionId":{"value":"vscode.github","_lower":"vscode.github"},"activationEvent":"*"}
[2021-05-26 17:32:49.665] [exthost] [info] ExtensionService#loadCommonJSModule file:///home/chisthoper/.vscode-server/bin/3c4e3df9e89829dce27b7b5c24508306b151f30d/extensions/github/dist/extension.js
[2021-05-26 17:32:49.751] [exthost] [info] ExtensionService#_doActivateExtension vscode.emmet {"startup":false,"extensionId":{"value":"vscode.emmet","_lower":"vscode.emmet"},"activationEvent":"onStartupFinished"}
[2021-05-26 17:32:49.751] [exthost] [info] ExtensionService#loadCommonJSModule file:///home/chisthoper/.vscode-server/bin/3c4e3df9e89829dce27b7b5c24508306b151f30d/extensions/emmet/dist/node/emmetNodeMain
[2021-05-26 17:32:49.765] [exthost] [info] ExtensionService#_doActivateExtension vscode.merge-conflict {"startup":false,"extensionId":{"value":"vscode.merge-conflict","_lower":"vscode.merge-conflict"},"activationEvent":"onStartupFinished"}
[2021-05-26 17:32:49.765] [exthost] [info] ExtensionService#loadCommonJSModule file:///home/chisthoper/.vscode-server/bin/3c4e3df9e89829dce27b7b5c24508306b151f30d/extensions/merge-conflict/dist/mergeConflictMain
[2021-05-26 17:32:49.769] [exthost] [info] ExtensionService#_doActivateExtension vscode.testing-editor-contributions {"startup":false,"extensionId":{"value":"vscode.testing-editor-contributions","_lower":"vscode.testing-editor-contributions"},"activationEvent":"onStartupFinished"}
[2021-05-26 17:32:49.769] [exthost] [info] ExtensionService#loadCommonJSModule file:///home/chisthoper/.vscode-server/bin/3c4e3df9e89829dce27b7b5c24508306b151f30d/extensions/testing-editor-contributions/dist/extension.js
[2021-05-26 17:32:49.770] [exthost] [info] ExtensionService#_doActivateExtension dbaeumer.vscode-eslint {"startup":false,"extensionId":{"value":"dbaeumer.vscode-eslint","_lower":"dbaeumer.vscode-eslint"},"activationEvent":"onStartupFinished"}
[2021-05-26 17:32:49.771] [exthost] [info] ExtensionService#loadCommonJSModule file:///home/chisthoper/.vscode-server/extensions/dbaeumer.vscode-eslint-2.1.20/client/out/extension
[2021-05-26 17:32:49.808] [exthost] [info] eager extensions activated
[2021-05-26 17:32:49.890] [exthost] [info] ExtensionService#_doActivateExtension ms-vscode.js-debug {"startup":false,"extensionId":{"value":"ms-vscode.js-debug","_lower":"ms-vscode.js-debug"},"activationEvent":"onCommand:extension.js-debug.clearAutoAttachVariables"}
[2021-05-26 17:32:49.890] [exthost] [info] ExtensionService#loadCommonJSModule file:///home/chisthoper/.vscode-server/bin/3c4e3df9e89829dce27b7b5c24508306b151f30d/extensions/ms-vscode.js-debug/src/extension.js
[2021-05-26 17:32:54.579] [exthost] [info] ExtensionService#_doActivateExtension misogi.ruby-rubocop {"startup":false,"extensionId":{"value":"misogi.ruby-rubocop","_lower":"misogi.ruby-rubocop"},"activationEvent":"onLanguage:ruby"}
[2021-05-26 17:32:54.580] [exthost] [info] ExtensionService#loadCommonJSModule file:///home/chisthoper/.vscode-server/extensions/misogi.ruby-rubocop-0.8.5/out/src/extension
[2021-05-26 17:35:12.285] [exthost] [info] extension host terminating: received terminate message from renderer
[2021-05-26 17:35:13.308] [exthost] [info] exiting with code 0
