Looking for git in: git
Using git 2.25.1 from git
> git rev-parse --git-dir
Open repository: /home/chisthoper/code/chisthoper96/fullstack-challenges
> git status -z -u
> git symbolic-ref --short HEAD
> git for-each-ref --format=%(refname)%00%(upstream:short)%00%(upstream:track)%00%(objectname) refs/heads/master refs/remotes/master
> git for-each-ref --sort -committerdate --format %(refname) %(objectname) %(*objectname)
> git remote --verbose
Warning: Failed to watch ref '/home/chisthoper/code/chisthoper96/fullstack-challenges/.git/refs/remotes/origin/master', is most likely packed.
> git config --get commit.template
> git check-ignore -v -z --stdin
> git check-ignore -v -z --stdin
> git show --textconv :01-Ruby/01-Programming-basics/02-Experiment-methods/lib/experiment.rb
> git ls-files --stage -- /home/chisthoper/code/chisthoper96/fullstack-challenges/01-Ruby/01-Programming-basics/02-Experiment-methods/lib/experiment.rb
> git cat-file -s e7493daeaffc57c29d4fa5c4b3009ee25fca5fe7
> git status -z -u
> git symbolic-ref --short HEAD
> git for-each-ref --format=%(refname)%00%(upstream:short)%00%(upstream:track)%00%(objectname) refs/heads/master refs/remotes/master
> git for-each-ref --sort -committerdate --format %(refname) %(objectname) %(*objectname)
> git remote --verbose
Warning: Failed to watch ref '/home/chisthoper/code/chisthoper96/fullstack-challenges/.git/refs/remotes/origin/master', is most likely packed.
> git config --get commit.template
